ISim log file
Running: /home/l2/ferlicotdelbe/tp/ARCHI/toplevel_isim_beh.exe -gui -tclbatch isim.cmd -wdb /home/l2/ferlicotdelbe/tp/ARCHI/toplevel_isim_beh.wdb 
ISim M.81d (signature 0x141a37e9)
WARNING: A WEBPACK license was found.
WARNING: Please use Xilinx License Configuration Manager to check out a full ISim license.
WARNING: ISim will run in Lite mode. Please refer to the ISim documentation for more information on the differences between the Lite and the Full version.
This is a Lite version of ISim.
Time resolution is 1 ps
# onerror resume
# wave add /
# run 1000 ns
Simulator is doing circuit initialization process.
Finished circuit initialization process.
# isim force add /toplevel/a 0 -radix bin
# isim force add /toplevel/b 0 -radix bin
# isim force add /toplevel/c 0 -radix bin
# run 1.00us
# isim force add /toplevel/c 1 -radix bin
# run 1.00us
# isim force add /toplevel/b 1 -radix bin
# run 1.00us
# isim force add /toplevel/c 0 -radix bin
# run 1.00us
# isim force add /toplevel/a 1 -radix bin
# run 1.00us
# isim force add /toplevel/c 1 -radix bin
# run 1.00us
# isim force add /toplevel/b 0 -radix bin
# run 1.00us
# isim force add /toplevel/c 0 -radix bin
# run 1.00us
