Command line:
   add1bit_isim_beh.exe
     -simmode  gui
     -simrunnum  0
     -socket  44540

Mon Oct  7 10:47:47 2013


 Elaboration Time: 0.01 sec

 Current Memory Usage: 115.544 Meg

 Total Signals          : 54
 Total Nets             : 31
 Total Signal Drivers   : 5
 Total Blocks           : 11
 Total Primitive Blocks : 8
 Total Processes        : 5
 Total Traceable Variables  : 13
 Total Scalar Nets and Variables : 514
Total Line Count : 5

 Total Simulation Time: 0.04 sec

 Current Memory Usage: 122.892 Meg

Mon Oct  7 10:48:56 2013

