Command line:
   firstsch_isim_beh.exe
     -simmode  gui
     -simrunnum  0
     -socket  36330

Mon Sep 30 10:37:42 2013


 Elaboration Time: 0.02 sec

 Current Memory Usage: 115.54 Meg

 Total Signals          : 52
 Total Nets             : 32
 Total Signal Drivers   : 7
 Total Blocks           : 11
 Total Primitive Blocks : 10
 Total Processes        : 7
 Total Traceable Variables  : 13
 Total Scalar Nets and Variables : 515
Total Line Count : 7
Total Line Count : 7
Total Line Count : 7
Total Line Count : 7
Total Line Count : 7

 Total Simulation Time: 0.11 sec

 Current Memory Usage: 122.888 Meg

Mon Sep 30 10:54:53 2013

