Running: /usr/local/Xilinx/12.4/ISE_DS/ISE/bin/lin/unwrapped/fuse -intstyle ise -incremental -o /home/l2/ferlicotdelbe/tp/ARCHI/tp5/fsmtravaux_tb_isim_beh.exe -prj /home/l2/ferlicotdelbe/tp/ARCHI/tp5/fsmtravaux_tb_beh.prj work.fsmtravaux_tb 
ISim M.81d (signature 0x141a37e9)
Number of CPUs detected in this system: 2
Turning on mult-threading, number of parallel sub-compilation jobs: 4 
Determining compilation order of HDL files
Parsing VHDL file "/home/l2/ferlicotdelbe/tp/ARCHI/tp5/fsm.vhd" into library work
Parsing VHDL file "/home/l2/ferlicotdelbe/tp/ARCHI/tp5/fsmtravaux_tb.vhd" into library work
Starting static elaboration
Completed static elaboration
Fuse Memory Usage: 28920 KB
Fuse CPU Usage: 110 ms
Using precompiled package standard from library std
Using precompiled package std_logic_1164 from library ieee
Compiling architecture behavioral of entity fsm [fsm_default]
Compiling architecture behavior of entity fsmtravaux_tb
Time Resolution for simulation is 1ps.
Waiting for 1 sub-compilation(s) to finish...
Compiled 5 VHDL Units
Built simulation executable /home/l2/ferlicotdelbe/tp/ARCHI/tp5/fsmtravaux_tb_isim_beh.exe
Fuse Memory Usage: 66844 KB
Fuse CPU Usage: 130 ms
GCC CPU Usage: 190 ms
