ISim log file
Running: /home/l2/ferlicotdelbe/tp/ARCHI/TP1/TP1/firstsch_isim_beh.exe -gui -tclbatch isim.cmd -wdb /home/l2/ferlicotdelbe/tp/ARCHI/TP1/TP1/firstsch_isim_beh.wdb 
ISim M.81d (signature 0x141a37e9)
WARNING: A WEBPACK license was found.
WARNING: Please use Xilinx License Configuration Manager to check out a full ISim license.
WARNING: ISim will run in Lite mode. Please refer to the ISim documentation for more information on the differences between the Lite and the Full version.
This is a Lite version of ISim.
Time resolution is 1 ps
# onerror resume
# wave add /
# run 1000 ns
Simulator is doing circuit initialization process.
Finished circuit initialization process.
# show driver /firstsch/a
/firstsch/a has no drivers.
# isim force add /firstsch/a 0 -radix bin
# isim force add /firstsch/b 0 -radix bin
# run all
# restart
# run all
Simulator is doing circuit initialization process.
Finished circuit initialization process.
# run all
# isim force add /firstsch/a 0 -radix bin
# isim force add /firstsch/b 0 -radix bin
# run all
# run 1.00us
# isim force add /firstsch/a 1 -radix bin
# restart
# run all
Simulator is doing circuit initialization process.
Finished circuit initialization process.
# run 1.00us
# isim force add /firstsch/a 1 -radix bin
# isim force add /firstsch/b 0 -radix bin
# run 1.00us
# restart
# isim force add /firstsch/a 0 -radix bin
# isim force add /firstsch/b 0 -radix bin
# run 1.00us
Simulator is doing circuit initialization process.
Finished circuit initialization process.
# isim force add /firstsch/a 1 -radix bin
# run 1.00us
# restart
# isim force add /firstsch/a 0 -radix bin
# isim force add /firstsch/b 0 -radix bin
# run 1.00us
Simulator is doing circuit initialization process.
Finished circuit initialization process.
# isim force add /firstsch/b 1 -radix bin
# run 1.00us
# isim force add /firstsch/a 1 -radix bin
# run 1.00us
# isim force add /firstsch/b 0 -radix bin
# run 1.00us
# exit 0
