Running: /usr/local/Xilinx/12.4/ISE_DS/ISE/bin/lin/unwrapped/fuse -intstyle ise -incremental -o /home/l2/ferlicotdelbe/tp/ARCHI/circuit3_isim_beh.exe -prj /home/l2/ferlicotdelbe/tp/ARCHI/circuit3_beh.prj work.circuit3 
ISim M.81d (signature 0x141a37e9)
Number of CPUs detected in this system: 2
Turning on mult-threading, number of parallel sub-compilation jobs: 4 
Determining compilation order of HDL files
Parsing VHDL file "/home/l2/ferlicotdelbe/tp/ARCHI/circuit3.vhf" into library work
Starting static elaboration
Completed static elaboration
Fuse Memory Usage: 35128 KB
Fuse CPU Usage: 180 ms
Using precompiled package standard from library std
Using precompiled package std_logic_1164 from library ieee
Using precompiled package numeric_std from library ieee
Compiling package vcomponents
Compiling architecture or2_v of entity or2 [or2_default]
Compiling architecture and2_v of entity and2 [and2_default]
Compiling architecture behavioral of entity circuit3
Time Resolution for simulation is 1ps.
Waiting for 1 sub-compilation(s) to finish...
Compiled 9 VHDL Units
Built simulation executable /home/l2/ferlicotdelbe/tp/ARCHI/circuit3_isim_beh.exe
Fuse Memory Usage: 76132 KB
Fuse CPU Usage: 190 ms
GCC CPU Usage: 180 ms
